<?xml version="1.0" encoding="UTF-8"?>
<!-- Generated by org.testng.reporters.JUnitReportReporter -->
<testsuite hostname="Varun-PC" name="demo.TestNGGroupsDemo" tests="4" failures="0" timestamp="24 Apr 2020 06:55:23 GMT" time="0.034" errors="0">
  <testcase name="test1" time="0.025" classname="demo.TestNGGroupsDemo"/>
  <testcase name="test3" time="0.002" classname="demo.TestNGGroupsDemo"/>
  <testcase name="test4" time="0.005" classname="demo.TestNGGroupsDemo"/>
  <testcase name="test2" time="0.002" classname="demo.TestNGGroupsDemo"/>
</testsuite> <!-- demo.TestNGGroupsDemo -->
