<?xml version="1.0" encoding="UTF-8"?>
<!-- Generated by org.testng.reporters.JUnitReportReporter -->
<testsuite hostname="Varun-PC" name="demo.TestNGPrioirityDemo" tests="3" failures="0" timestamp="24 Apr 2020 06:01:35 GMT" time="0.044" errors="0">
  <testcase name="onetest1" time="0.033" classname="demo.TestNGPrioirityDemo"/>
  <testcase name="twotest2" time="0.004" classname="demo.TestNGPrioirityDemo"/>
  <testcase name="threetest3" time="0.007" classname="demo.TestNGPrioirityDemo"/>
</testsuite> <!-- demo.TestNGPrioirityDemo -->
