<?xml version="1.0" encoding="UTF-8"?>
<!-- Generated by org.testng.reporters.JUnitReportReporter -->
<testsuite hostname="Varun-PC" name="demo.TestNGParametersDemo" tests="1" failures="0" timestamp="24 Apr 2020 07:14:06 GMT" time="0.032" errors="0">
  <testcase name="test1" time="0.032" classname="demo.TestNGParametersDemo"/>
</testsuite> <!-- demo.TestNGParametersDemo -->
